2024-12-31 00:38:34,082 [INFO] MainUpdater:2872 - connection check result : 10
2024-12-31 00:38:34,090 [INFO] MainUpdater:2872 - connection check result : 10
2024-12-31 00:38:34,225 [INFO] MicroXplorer:468 - Change Database Path : 
2024-12-31 00:38:34,226 [INFO] MicroXplorer:498 - Change Database Version : DB.6.0.130
2024-12-31 00:38:34,288 [ERROR] ProjectManagerView:394 - 
java.lang.NullPointerException: Cannot invoke "javax.swing.JTextField.getText()" because the return value of "java.util.List.get(int)" is null
	at com.st.microxplorer.plugins.projectmanager.gui.ProjectChoiceTab$9.caretUpdate(ProjectChoiceTab.java:2616) ~[filemanager.jar:?]
	at javax.swing.text.JTextComponent.fireCaretUpdate(JTextComponent.java:408) ~[?:?]
	at javax.swing.text.JTextComponent$MutableCaretEvent.fire(JTextComponent.java:4484) ~[?:?]
	at javax.swing.text.JTextComponent$MutableCaretEvent.stateChanged(JTextComponent.java:4506) ~[?:?]
	at javax.swing.text.DefaultCaret.fireStateChanged(DefaultCaret.java:857) ~[?:?]
	at javax.swing.text.DefaultCaret.changeCaretPosition(DefaultCaret.java:1343) ~[?:?]
	at javax.swing.text.DefaultCaret.handleSetDot(DefaultCaret.java:1242) ~[?:?]
	at javax.swing.text.DefaultCaret.setDot(DefaultCaret.java:1223) ~[?:?]
	at javax.swing.text.DefaultCaret$Handler.insertUpdate(DefaultCaret.java:1819) ~[?:?]
	at javax.swing.text.AbstractDocument.fireInsertUpdate(AbstractDocument.java:227) ~[?:?]
	at javax.swing.text.AbstractDocument.handleInsertString(AbstractDocument.java:781) ~[?:?]
	at javax.swing.text.AbstractDocument.insertString(AbstractDocument.java:740) ~[?:?]
	at javax.swing.text.PlainDocument.insertString(PlainDocument.java:131) ~[?:?]
	at javax.swing.text.AbstractDocument.replace(AbstractDocument.java:699) ~[?:?]
	at javax.swing.text.JTextComponent.setText(JTextComponent.java:1725) ~[?:?]
	at com.st.microxplorer.plugins.projectmanager.gui.ProjectChoiceTab.createHeapStackFields(ProjectChoiceTab.java:975) ~[filemanager.jar:?]
	at com.st.microxplorer.plugins.projectmanager.gui.ProjectChoiceTab.buildLinkSettingsPanel(ProjectChoiceTab.java:3666) ~[filemanager.jar:?]
	at com.st.microxplorer.plugins.projectmanager.gui.ProjectChoiceTab.defineWindowsFields(ProjectChoiceTab.java:1934) ~[filemanager.jar:?]
	at com.st.microxplorer.plugins.projectmanager.gui.ProjectChoiceTab.updateSettings(ProjectChoiceTab.java:553) ~[filemanager.jar:?]
	at com.st.microxplorer.plugins.projectmanager.gui.ProjectSettingsPanel.UpdateDialog(ProjectSettingsPanel.java:245) ~[filemanager.jar:?]
	at com.st.microxplorer.plugins.projectmanager.ProjectManagerView.propertyChange(ProjectManagerView.java:391) ~[filemanager.jar:?]
	at java.beans.PropertyChangeSupport.fire(PropertyChangeSupport.java:343) ~[?:?]
	at java.beans.PropertyChangeSupport.firePropertyChange(PropertyChangeSupport.java:335) ~[?:?]
	at java.beans.PropertyChangeSupport.firePropertyChange(PropertyChangeSupport.java:268) ~[?:?]
	at com.st.microxplorer.util.MXPropertyChangeSupport.firePropertyChange(MXPropertyChangeSupport.java:54) ~[STM32CubeMX.jar:?]
	at com.st.microxplorer.mxsystem.MxSystem.closeConfig(MxSystem.java:899) ~[STM32CubeMX.jar:?]
	at com.st.microxplorer.maingui.MainPanel.closeConfig(MainPanel.java:789) ~[STM32CubeMX.jar:?]
	at com.st.microxplorer.plugins.filemanager.engine.OpenFileManager.loadConfigurationFile(OpenFileManager.java:265) ~[filemanager.jar:?]
	at com.st.microxplorer.plugins.filemanager.engine.MainFileManager.userLoadConfig(MainFileManager.java:340) ~[filemanager.jar:?]
	at com.st.microxplorer.plugins.filemanager.engine.MainFileManager.userLoadConfig(MainFileManager.java:318) ~[filemanager.jar:?]
	at com.st.microxplorer.plugins.filemanager.FileManagerView.getSpecificTask(FileManagerView.java:246) ~[filemanager.jar:?]
	at com.st.stm32cube.common.mx.editor.CubeMxEditor.getMxTabbedPaneInstance(CubeMxEditor.java:1198) ~[com.st.stm32cube.common.mx_6.13.0.202411220809/:?]
	at com.st.stm32cube.common.mx.editor.CubeMxEditor$12$1.createSwingComponent(CubeMxEditor.java:1068) ~[com.st.stm32cube.common.mx_6.13.0.202411220809/:?]
	at com.st.stm32cube.common.mx.oss.core.awtswtbridge.EmbeddedSwingComposite.doComponentCreation(EmbeddedSwingComposite.java:492) ~[com.st.stm32cube.common.mx.oss_6.13.0.202411220809/:?]
	at com.st.stm32cube.common.mx.oss.core.awtswtbridge.EmbeddedSwingComposite$4.run(EmbeddedSwingComposite.java:291) ~[com.st.stm32cube.common.mx.oss_6.13.0.202411220809/:?]
	at com.st.stm32cube.common.mx.oss.core.awtswtbridge.AwtEnvironment$2.run(AwtEnvironment.java:166) ~[com.st.stm32cube.common.mx.oss_6.13.0.202411220809/:?]
	at java.awt.event.InvocationEvent.dispatch(InvocationEvent.java:318) ~[?:?]
	at java.awt.EventQueue.dispatchEventImpl(EventQueue.java:773) ~[?:?]
	at java.awt.EventQueue$4.run(EventQueue.java:720) ~[?:?]
	at java.awt.EventQueue$4.run(EventQueue.java:714) ~[?:?]
	at java.security.AccessController.doPrivileged(AccessController.java:400) ~[?:?]
	at java.security.ProtectionDomain$JavaSecurityAccessImpl.doIntersectionPrivilege(ProtectionDomain.java:87) ~[?:?]
	at java.awt.EventQueue.dispatchEvent(EventQueue.java:742) ~[?:?]
	at java.awt.EventDispatchThread.pumpOneEventForFilters(EventDispatchThread.java:203) ~[?:?]
	at java.awt.EventDispatchThread.pumpEventsForFilter(EventDispatchThread.java:124) ~[?:?]
	at java.awt.EventDispatchThread.pumpEventsForHierarchy(EventDispatchThread.java:113) ~[?:?]
	at java.awt.EventDispatchThread.pumpEvents(EventDispatchThread.java:109) ~[?:?]
	at java.awt.EventDispatchThread.pumpEvents(EventDispatchThread.java:101) ~[?:?]
	at java.awt.EventDispatchThread.run(EventDispatchThread.java:90) ~[?:?]
2024-12-31 00:38:34,300 [WARN] ThirdParty:871 - waiting for thirdparty lock release [close project]
2024-12-31 00:38:34,300 [INFO] ThirdParty:873 - entering critical section [close project]
2024-12-31 00:38:34,300 [INFO] ThirdParty:883 - exiting critical section [close project]
2024-12-31 00:38:34,307 [INFO] PinOutPanel:1589 - setPackage(No Configuration,No Configuration)
2024-12-31 00:38:34,332 [WARN] IpParametersView:154 - Warning: This peripheral hasn't parameters
2024-12-31 00:38:34,359 [WARN] MainPanel:289 - <html><b><center>Warning: This peripheral has no parameters to be configured<br></b></html>
2024-12-31 00:38:34,364 [ERROR] MainPanel:599 - java.lang.IndexOutOfBoundsException: Index: 0, Tab count: 0
2024-12-31 00:38:34,382 [INFO] UtilMem:75 - Begin LoadConfig() Used Memory: 910849416 Bytes (1065353216)
2024-12-31 00:38:34,384 [INFO] MicroXplorer:468 - Change Database Path : 
2024-12-31 00:38:34,384 [INFO] MicroXplorer:498 - Change Database Version : DB.6.0.130
2024-12-31 00:38:34,384 [INFO] OpenFileManager:332 - Change cursor
2024-12-31 00:38:34,453 [INFO] RulesReader:64 - Compatibility file has been processed (297 Rules)
2024-12-31 00:38:34,467 [INFO] Mcu:2035 - Initializing MCU STM32F446R(C-E)Tx STM32F446RETx STM32F446RET6
2024-12-31 00:38:37,069 [INFO] Context:748 - Trying to add GPIOservice into a context  which must be forbidden
2024-12-31 00:38:38,608 [INFO] RtosManager:555 - Registered RTOS mode: class=CMSIS, group=RTOS, mode=CMSIS_V1, owner=FREERTOS
2024-12-31 00:38:38,609 [INFO] RtosManager:555 - Registered RTOS mode: class=CMSIS, group=RTOS2, mode=CMSIS_V2, owner=FREERTOS
2024-12-31 00:38:38,609 [INFO] RtosManager:555 - Registered RTOS mode: class=RTOS, group=Core, mode=CMSIS_V1, owner=FREERTOS
2024-12-31 00:38:38,609 [INFO] RtosManager:555 - Registered RTOS mode: class=RTOS, group=Core, mode=CMSIS_V2, owner=FREERTOS
2024-12-31 00:38:38,609 [WARN] ModelIntegratedComponent:184 - Missing modes for component STMicroelectronics:FreeRTOS:0.0.1:STMicroelectronics:RTOS:FreeRTOS:Core:::10.2.0:
2024-12-31 00:38:38,644 [WARN] ModelIntegratedComponent:63 - No mode defined for component null
2024-12-31 00:38:38,644 [WARN] ModelIntegratedComponent:63 - No mode defined for component null
2024-12-31 00:38:38,644 [WARN] ModelIntegratedComponent:63 - No mode defined for component null
2024-12-31 00:38:38,644 [WARN] ModelIntegratedComponent:63 - No mode defined for component null
2024-12-31 00:38:38,645 [WARN] ModelIntegratedComponent:63 - No mode defined for component null
2024-12-31 00:38:38,645 [WARN] ModelIntegratedComponent:63 - No mode defined for component null
2024-12-31 00:38:38,645 [WARN] ModelIntegratedComponent:63 - No mode defined for component null
2024-12-31 00:38:38,646 [WARN] ModelIntegratedComponent:63 - No mode defined for component null
2024-12-31 00:38:38,646 [WARN] ModelIntegratedComponent:63 - No mode defined for component null
2024-12-31 00:38:38,646 [WARN] ModelIntegratedComponent:63 - No mode defined for component null
2024-12-31 00:38:38,646 [WARN] ModelIntegratedComponent:63 - No mode defined for component null
2024-12-31 00:38:38,647 [WARN] ModelIntegratedComponent:63 - No mode defined for component null
2024-12-31 00:38:38,647 [WARN] ModelIntegratedComponent:63 - No mode defined for component null
2024-12-31 00:38:38,647 [WARN] ModelIntegratedComponent:63 - No mode defined for component null
2024-12-31 00:38:38,647 [WARN] ModelIntegratedComponent:63 - No mode defined for component null
2024-12-31 00:38:38,648 [WARN] ModelIntegratedComponent:63 - No mode defined for component null
2024-12-31 00:38:38,648 [WARN] ModelIntegratedComponent:63 - No mode defined for component null
2024-12-31 00:38:38,648 [WARN] ModelIntegratedComponent:63 - No mode defined for component null
2024-12-31 00:38:38,648 [WARN] ModelIntegratedComponent:63 - No mode defined for component null
2024-12-31 00:38:38,648 [WARN] ModelIntegratedComponent:63 - No mode defined for component null
2024-12-31 00:38:38,649 [WARN] ModelIntegratedComponent:63 - No mode defined for component null
2024-12-31 00:38:38,649 [WARN] ModelIntegratedComponent:63 - No mode defined for component null
2024-12-31 00:38:38,649 [WARN] ModelIntegratedComponent:63 - No mode defined for component null
2024-12-31 00:38:38,649 [WARN] ModelIntegratedComponent:63 - No mode defined for component null
2024-12-31 00:38:38,650 [WARN] ModelIntegratedComponent:63 - No mode defined for component null
2024-12-31 00:38:38,650 [WARN] ModelIntegratedComponent:63 - No mode defined for component null
2024-12-31 00:38:38,650 [WARN] ModelIntegratedComponent:63 - No mode defined for component null
2024-12-31 00:38:38,650 [WARN] ModelIntegratedComponent:63 - No mode defined for component null
2024-12-31 00:38:38,650 [WARN] ModelIntegratedComponent:63 - No mode defined for component null
2024-12-31 00:38:38,650 [WARN] ModelIntegratedComponent:63 - No mode defined for component null
2024-12-31 00:38:38,651 [WARN] ModelIntegratedComponent:63 - No mode defined for component null
2024-12-31 00:38:38,651 [WARN] ModelIntegratedComponent:63 - No mode defined for component null
2024-12-31 00:38:38,651 [WARN] ModelIntegratedComponent:63 - No mode defined for component null
2024-12-31 00:38:38,651 [WARN] ModelIntegratedComponent:63 - No mode defined for component null
2024-12-31 00:38:38,651 [WARN] ModelIntegratedComponent:63 - No mode defined for component null
2024-12-31 00:38:38,652 [WARN] ModelPack:524 - Component already loaded: STMicroelectronics:HAL Drivers:0.0.0:STMicroelectronics:Device:STMicro_Driver:XSPI:HAL::0.0.1:HAL_XSPI
2024-12-31 00:38:38,708 [INFO] ThirdPartyModel:298 - Start build external matchings
2024-12-31 00:38:39,308 [INFO] ThirdPartyModel:316 - End build external matchings
2024-12-31 00:38:39,323 [INFO] ImportTextPane:218 - (OptionalMessage_ERROR) IP (RCC) : Invalid parameter (48MHZClocksFreq_Value)
2024-12-31 00:38:39,324 [INFO] ImportTextPane:218 - (OptionalMessage_ERROR) IP (RCC) : Invalid parameter (EthernetFreq_Value)
2024-12-31 00:38:39,326 [INFO] ImportTextPane:218 - (OptionalMessage_ERROR) IP (RCC) : Parameter (FLatency) has Id (AdvancedSettings) currently not set
2024-12-31 00:38:39,326 [INFO] ImportTextPane:218 - (OptionalMessage_ERROR) IP (RCC) : Invalid parameter (FamilyName)
2024-12-31 00:38:39,327 [INFO] ImportTextPane:218 - (OptionalMessage_ERROR) IP (RCC) : Invalid parameter (I2SClocksFreq_Value)
2024-12-31 00:38:39,328 [INFO] ImportTextPane:218 - (OptionalMessage_ERROR) IP (RCC) : Parameter (SDIOFreq_Value) has invalid value (168000000)
2024-12-31 00:38:39,328 [INFO] ImportTextPane:218 - (OptionalMessage_ERROR) IP (RCC) : Parameter (USBFreq_Value) has invalid value (168000000)
2024-12-31 00:38:39,329 [INFO] ImportTextPane:218 - (OptionalMessage_ERROR) IP (RCC) : Invalid parameter (VCOInputMFreq_Value)
2024-12-31 00:38:39,330 [INFO] ImportTextPane:218 - (OptionalMessage_ERROR) IP (RCC) : Invalid parameter (VcooutputI2S)
2024-12-31 00:38:39,711 [INFO] UtilMem:75 - End LoadConfig() Used Memory: 519171176 Bytes (1065353216)
2024-12-31 00:38:39,762 [WARN] ThirdParty:833 - waiting for thirdparty lock release [change project]
2024-12-31 00:38:39,763 [INFO] ThirdParty:835 - entering critical section [change project]
2024-12-31 00:38:39,763 [INFO] ThirdParty:1030 - CMSIS Pack Vendor :STMicroelectronics USBPD 4.1
2024-12-31 00:38:39,763 [INFO] ThirdParty:1030 - CMSIS Pack Vendor :STMicroelectronics X-CUBE-AZRTOS-H7 3.3.0
2024-12-31 00:38:39,764 [INFO] ThirdParty:1030 - CMSIS Pack Vendor :STMicroelectronics X-CUBE-NFC9 1.0.0
2024-12-31 00:38:39,764 [INFO] ThirdParty:1030 - CMSIS Pack Vendor :STMicroelectronics USB_HOST 2.0.0
2024-12-31 00:38:39,764 [INFO] ThirdParty:1030 - CMSIS Pack Vendor :STMicroelectronics FP-SNS-MOTENVWB1 1.4.0
2024-12-31 00:38:39,764 [INFO] ThirdParty:1030 - CMSIS Pack Vendor :STMicroelectronics X-CUBE-AZRTOS-F4 1.1.0
2024-12-31 00:38:39,764 [INFO] ThirdParty:1030 - CMSIS Pack Vendor :STMicroelectronics LIBJPEG 8.0.0
2024-12-31 00:38:39,764 [INFO] ThirdParty:1030 - CMSIS Pack Vendor :STMicroelectronics X-CUBE-SMBUS 2.1.0
2024-12-31 00:38:39,764 [INFO] ThirdParty:1030 - CMSIS Pack Vendor :STMicroelectronics X-CUBE-WB05N 1.1.0
2024-12-31 00:38:39,764 [INFO] ThirdParty:1030 - CMSIS Pack Vendor :STMicroelectronics USB_DEVICE 3.0.0
2024-12-31 00:38:39,765 [INFO] ThirdParty:1030 - CMSIS Pack Vendor :STMicroelectronics X-CUBE-ISPU 2.1.0
2024-12-31 00:38:39,765 [INFO] ThirdParty:1030 - CMSIS Pack Vendor :STMicroelectronics X-CUBE-IPS 3.0.0
2024-12-31 00:38:39,765 [INFO] ThirdParty:1030 - CMSIS Pack Vendor :STMicroelectronics X-CUBE-AZRTOS-WB 2.0.0
2024-12-31 00:38:39,765 [INFO] ThirdParty:1030 - CMSIS Pack Vendor :STMicroelectronics X-CUBE-AZRTOS-F7 1.1.0
2024-12-31 00:38:39,765 [INFO] ThirdParty:1030 - CMSIS Pack Vendor :STMicroelectronics X-CUBE-AZRTOS-L5 2.0.0
2024-12-31 00:38:39,765 [INFO] ThirdParty:1030 - CMSIS Pack Vendor :STMicroelectronics USB_DEVICE 2.0.0
2024-12-31 00:38:39,765 [INFO] ThirdParty:1030 - CMSIS Pack Vendor :STMicroelectronics X-CUBE-NFC6 3.1.0
2024-12-31 00:38:39,765 [INFO] ThirdParty:1030 - CMSIS Pack Vendor :STMicroelectronics FP-SNS-STBOX1 2.0.0
2024-12-31 00:38:39,766 [INFO] ThirdParty:1030 - CMSIS Pack Vendor :STMicroelectronics FreeRTOS 0.0.1
2024-12-31 00:38:39,766 [INFO] ThirdParty:1030 - CMSIS Pack Vendor :STMicroelectronics X-CUBE-AZRTOS-G0 1.1.0
2024-12-31 00:38:39,766 [INFO] ThirdParty:1030 - CMSIS Pack Vendor :STMicroelectronics X-CUBE-SAFEA1 1.2.2
2024-12-31 00:38:39,766 [INFO] ThirdParty:1030 - CMSIS Pack Vendor :STMicroelectronics X-CUBE-NFC4 3.0.0
2024-12-31 00:38:39,766 [INFO] ThirdParty:1030 - CMSIS Pack Vendor :STMicroelectronics X-CUBE-DPower 1.2.0
2024-12-31 00:38:39,767 [INFO] ThirdParty:1030 - CMSIS Pack Vendor :STMicroelectronics X-CUBE-SUBG2 5.0.0
2024-12-31 00:38:39,767 [INFO] ThirdParty:1030 - CMSIS Pack Vendor :STMicroelectronics STM32_WPAN 1.0.0
2024-12-31 00:38:39,767 [INFO] ThirdParty:1030 - CMSIS Pack Vendor :STMicroelectronics lwIP 2.0.3
2024-12-31 00:38:39,768 [INFO] ThirdParty:1030 - CMSIS Pack Vendor :STMicroelectronics FP-SNS-FLIGHT1 5.0.2
2024-12-31 00:38:39,768 [INFO] ThirdParty:1030 - CMSIS Pack Vendor :STMicroelectronics USB_HOST 1.0.0
2024-12-31 00:38:39,768 [INFO] ThirdParty:1030 - CMSIS Pack Vendor :STMicroelectronics X-CUBE-AZRTOS-G4 2.0.0
2024-12-31 00:38:39,768 [INFO] ThirdParty:1030 - CMSIS Pack Vendor :STMicroelectronics PDM2PCM 3.1.0
2024-12-31 00:38:39,768 [INFO] ThirdParty:1030 - CMSIS Pack Vendor :STMicroelectronics PDM2PCM 3.3.0
2024-12-31 00:38:39,768 [INFO] ThirdParty:1030 - CMSIS Pack Vendor :STMicroelectronics X-CUBE-DISPLAY 3.0.0
2024-12-31 00:38:39,768 [INFO] ThirdParty:1030 - CMSIS Pack Vendor :RealThread X-CUBE-RT-Thread_Nano 4.1.1
2024-12-31 00:38:39,769 [INFO] ThirdParty:1030 - CMSIS Pack Vendor :STMicroelectronics X-CUBE-BLE1 7.0.0
2024-12-31 00:38:39,769 [INFO] ThirdParty:1030 - CMSIS Pack Vendor :STMicroelectronics FP-ATR-SIGFOX1 3.2.0
2024-12-31 00:38:39,769 [INFO] ThirdParty:1030 - CMSIS Pack Vendor :STMicroelectronics X-CUBE-NFC10 1.0.0
2024-12-31 00:38:39,769 [INFO] ThirdParty:1030 - CMSIS Pack Vendor :STMicroelectronics X-CUBE-EEPRMA1 5.1.0
2024-12-31 00:38:39,769 [INFO] ThirdParty:1030 - CMSIS Pack Vendor :STMicroelectronics HAL Drivers 0.0.0
2024-12-31 00:38:39,769 [INFO] ThirdParty:1030 - CMSIS Pack Vendor :STMicroelectronics MBEDTLS 2.16.2
2024-12-31 00:38:39,769 [INFO] ThirdParty:1030 - CMSIS Pack Vendor :STMicroelectronics X-CUBE-ALS 1.0.2
2024-12-31 00:38:39,769 [INFO] ThirdParty:1030 - CMSIS Pack Vendor :STMicroelectronics X-CUBE-NFC7 1.0.1
2024-12-31 00:38:39,770 [INFO] ThirdParty:1030 - CMSIS Pack Vendor :STMicroelectronics MBEDTLS 2.14.1
2024-12-31 00:38:39,770 [INFO] ThirdParty:1030 - CMSIS Pack Vendor :STMicroelectronics X-CUBE-TOUCHGFX 4.24.1
2024-12-31 00:38:39,770 [INFO] ThirdParty:1030 - CMSIS Pack Vendor :portGmbH I-Cube-SoM-uGOAL 1.1.0
2024-12-31 00:38:39,770 [INFO] ThirdParty:1030 - CMSIS Pack Vendor :STMicroelectronics ThreadX 1.0.0
2024-12-31 00:38:39,771 [INFO] ThirdParty:1030 - CMSIS Pack Vendor :STMicroelectronics FP-SNS-SMARTAG2 1.2.0
2024-12-31 00:38:39,771 [INFO] ThirdParty:1030 - CMSIS Pack Vendor :STMicroelectronics X-CUBE-AZRTOS-WL 2.0.0
2024-12-31 00:38:39,771 [INFO] ThirdParty:1030 - CMSIS Pack Vendor :SEGGER I-CUBE-embOS 1.3.1
2024-12-31 00:38:39,771 [INFO] ThirdParty:1030 - CMSIS Pack Vendor :STMicroelectronics X-CUBE-ALGOBUILD 1.4.0
2024-12-31 00:38:39,771 [INFO] ThirdParty:1030 - CMSIS Pack Vendor :STMicroelectronics FP-SNS-MOTENV1 5.0.0
2024-12-31 00:38:39,771 [INFO] ThirdParty:1030 - CMSIS Pack Vendor :STMicroelectronics USB_DEVICE 1.0.0
2024-12-31 00:38:39,772 [INFO] ThirdParty:1030 - CMSIS Pack Vendor :STMicroelectronics X-CUBE-AZRTOS-H7RS 1.0.0
2024-12-31 00:38:39,772 [INFO] ThirdParty:1030 - CMSIS Pack Vendor :wolfSSL I-CUBE-wolfMQTT 1.19.0
2024-12-31 00:38:39,772 [INFO] ThirdParty:1030 - CMSIS Pack Vendor :STMicroelectronics X-CUBE-AZRTOS-L4 2.0.0
2024-12-31 00:38:39,772 [INFO] ThirdParty:1030 - CMSIS Pack Vendor :STMicroelectronics ThreadX 0.0.2
2024-12-31 00:38:39,772 [INFO] ThirdParty:1030 - CMSIS Pack Vendor :WES I-CUBE-Cesium 1.3.0
2024-12-31 00:38:39,772 [INFO] ThirdParty:1030 - CMSIS Pack Vendor :STMicroelectronics lwIP 2.1.2
2024-12-31 00:38:39,772 [INFO] ThirdParty:1030 - CMSIS Pack Vendor :STMicroelectronics X-CUBE-SFXS2LP1 4.0.0
2024-12-31 00:38:39,772 [INFO] ThirdParty:1030 - CMSIS Pack Vendor :STMicroelectronics X-CUBE-BLE2 3.3.0
2024-12-31 00:38:39,773 [INFO] ThirdParty:1030 - CMSIS Pack Vendor :STMicroelectronics X-CUBE-TOF1 3.4.2
2024-12-31 00:38:39,773 [INFO] ThirdParty:1030 - CMSIS Pack Vendor :STMicroelectronics X-CUBE-AI 9.1.0
2024-12-31 00:38:39,773 [INFO] ThirdParty:1030 - CMSIS Pack Vendor :STMicroelectronics PDM2PCM 3.2.0
2024-12-31 00:38:39,773 [INFO] ThirdParty:1030 - CMSIS Pack Vendor :wolfSSL I-CUBE-wolfSSH 1.4.17
2024-12-31 00:38:39,774 [INFO] ThirdParty:841 - exiting critical section [change project]
2024-12-31 00:38:40,730 [INFO] PinOutPanel:1589 - setPackage(No Configuration,No Configuration)
2024-12-31 00:38:40,731 [INFO] PinOutPanel:1589 - setPackage(STM32F446RETx,LQFP64)
2024-12-31 00:38:41,375 [INFO] UtilMem:75 - Before build in PCC Used Memory: 656676672 Bytes (1065353216)
2024-12-31 00:38:41,919 [INFO] UtilMem:75 - After build in PCC Used Memory: 711202624 Bytes (1065353216)
2024-12-31 00:38:42,000 [INFO] IPUIPlugin:80 - create IPUIPlugin
2024-12-31 00:38:42,001 [INFO] IPUIPlugin:80 - create IPUIPlugin
2024-12-31 00:38:42,001 [INFO] IPUIPlugin:80 - create IPUIPlugin
2024-12-31 00:38:42,002 [INFO] IPUIPlugin:80 - create IPUIPlugin
2024-12-31 00:38:42,002 [INFO] IPUIPlugin:80 - create IPUIPlugin
2024-12-31 00:38:42,002 [INFO] IPUIPlugin:80 - create IPUIPlugin
2024-12-31 00:38:42,003 [INFO] IPUIPlugin:80 - create IPUIPlugin
2024-12-31 00:38:42,005 [INFO] IPUIPlugin:80 - create IPUIPlugin
2024-12-31 00:38:42,005 [INFO] IPUIPlugin:80 - create IPUIPlugin
2024-12-31 00:38:42,006 [INFO] IPUIPlugin:80 - create IPUIPlugin
2024-12-31 00:38:42,006 [INFO] IPUIPlugin:80 - create IPUIPlugin
2024-12-31 00:38:42,006 [INFO] IPUIPlugin:80 - create IPUIPlugin
2024-12-31 00:38:42,007 [INFO] IPUIPlugin:80 - create IPUIPlugin
2024-12-31 00:38:42,007 [INFO] IPUIPlugin:80 - create IPUIPlugin
2024-12-31 00:38:42,007 [INFO] IPUIPlugin:80 - create IPUIPlugin
2024-12-31 00:38:42,008 [INFO] IPUIPlugin:80 - create IPUIPlugin
2024-12-31 00:38:42,008 [INFO] IPUIPlugin:80 - create IPUIPlugin
2024-12-31 00:38:42,008 [INFO] IPUIPlugin:80 - create IPUIPlugin
2024-12-31 00:38:42,009 [INFO] IPUIPlugin:80 - create IPUIPlugin
2024-12-31 00:38:42,009 [INFO] IPUIPlugin:80 - create IPUIPlugin
2024-12-31 00:38:42,009 [INFO] IPUIPlugin:80 - create IPUIPlugin
2024-12-31 00:38:42,010 [INFO] IPUIPlugin:80 - create IPUIPlugin
2024-12-31 00:38:42,011 [INFO] IPUIPlugin:80 - create IPUIPlugin
2024-12-31 00:38:42,012 [INFO] IPUIPlugin:80 - create IPUIPlugin
2024-12-31 00:38:42,012 [INFO] IPUIPlugin:80 - create IPUIPlugin
2024-12-31 00:38:42,013 [INFO] IPUIPlugin:80 - create IPUIPlugin
2024-12-31 00:38:42,013 [INFO] IPUIPlugin:80 - create IPUIPlugin
2024-12-31 00:38:42,014 [INFO] IPUIPlugin:80 - create IPUIPlugin
2024-12-31 00:38:42,015 [INFO] IPUIPlugin:80 - create IPUIPlugin
2024-12-31 00:38:42,015 [INFO] IPUIPlugin:80 - create IPUIPlugin
2024-12-31 00:38:42,016 [INFO] IPUIPlugin:80 - create IPUIPlugin
2024-12-31 00:38:42,017 [INFO] IPUIPlugin:80 - create IPUIPlugin
2024-12-31 00:38:42,017 [INFO] IPUIPlugin:80 - create IPUIPlugin
2024-12-31 00:38:42,018 [INFO] IPUIPlugin:80 - create IPUIPlugin
2024-12-31 00:38:42,018 [INFO] IPUIPlugin:80 - create IPUIPlugin
2024-12-31 00:38:42,019 [INFO] IPUIPlugin:80 - create IPUIPlugin
2024-12-31 00:38:42,020 [INFO] IPUIPlugin:80 - create IPUIPlugin
2024-12-31 00:38:42,020 [INFO] IPUIPlugin:80 - create IPUIPlugin
2024-12-31 00:38:42,021 [INFO] IPUIPlugin:80 - create IPUIPlugin
2024-12-31 00:38:42,022 [INFO] IPUIPlugin:80 - create IPUIPlugin
2024-12-31 00:38:42,023 [INFO] IPUIPlugin:80 - create IPUIPlugin
2024-12-31 00:38:42,023 [INFO] IPUIPlugin:80 - create IPUIPlugin
2024-12-31 00:38:42,024 [INFO] IPUIPlugin:80 - create IPUIPlugin
2024-12-31 00:38:42,025 [INFO] IPUIPlugin:80 - create IPUIPlugin
2024-12-31 00:38:42,026 [INFO] IPUIPlugin:80 - create IPUIPlugin
2024-12-31 00:38:42,026 [INFO] IPUIPlugin:80 - create IPUIPlugin
2024-12-31 00:38:42,027 [INFO] IPUIPlugin:80 - create IPUIPlugin
2024-12-31 00:38:42,028 [INFO] IPUIPlugin:80 - create IPUIPlugin
2024-12-31 00:38:42,029 [INFO] IPUIPlugin:80 - create IPUIPlugin
2024-12-31 00:38:42,030 [INFO] IPUIPlugin:80 - create IPUIPlugin
2024-12-31 00:38:42,031 [INFO] IPUIPlugin:80 - create IPUIPlugin
2024-12-31 00:38:42,032 [INFO] IPUIPlugin:80 - create IPUIPlugin
2024-12-31 00:38:42,033 [INFO] IPUIPlugin:80 - create IPUIPlugin
2024-12-31 00:38:42,033 [INFO] IPUIPlugin:80 - create IPUIPlugin
2024-12-31 00:38:42,034 [INFO] IPUIPlugin:80 - create IPUIPlugin
2024-12-31 00:38:42,035 [INFO] IPUIPlugin:80 - create IPUIPlugin
2024-12-31 00:38:42,036 [INFO] IPUIPlugin:80 - create IPUIPlugin
2024-12-31 00:38:42,038 [INFO] IPUIPlugin:80 - create IPUIPlugin
2024-12-31 00:38:42,039 [INFO] IPUIPlugin:80 - create IPUIPlugin
2024-12-31 00:38:42,040 [INFO] IPUIPlugin:80 - create IPUIPlugin
2024-12-31 00:38:42,045 [INFO] ApiDbMcu:508 - Load IP Config File for PDM2PCM
2024-12-31 00:38:42,198 [INFO] CADModel:165 - CPN selected for project levelSTM32F446RET6
2024-12-31 00:38:42,198 [INFO] CADModel:114 - Register for checkConnection events
2024-12-31 00:38:42,243 [INFO] OpenFileManager:363 - Restore cursor
